Using pre-set license
Built from '2020.3/staging' branch; Version is '2020.3.14f1 (d0d1bb862f9d) revision 13685179'; Using compiler version '192528614'; Build Type 'Release'
OS: 'Windows 10 Education; OS build 19042.1237; Version 2009; 64bit' Language: 'en' Physical Memory: 16180 MB
BatchMode: 1, IsHumanControllingUs: 0, StartBugReporterOnCrash: 0, Is64bit: 1, IsPro: 0

 COMMAND LINE ARGUMENTS:
C:\Program Files\Unity\Editor\Unity.exe
-adb2
-batchMode
-noUpm
-name
AssetImportWorker0
-projectPath
C:/Users/W0424405/OneDrive - Nova Scotia Community College/LevelDesign_BallShooter-Brianna_Chisholm
-logFile
Logs/AssetImportWorker0.log
-srvPort
57425
Successfully changed project path to: C:/Users/W0424405/OneDrive - Nova Scotia Community College/LevelDesign_BallShooter-Brianna_Chisholm
C:/Users/W0424405/OneDrive - Nova Scotia Community College/LevelDesign_BallShooter-Brianna_Chisholm
Using Asset Import Pipeline V2.
Refreshing native plugins compatible for Editor in 64.81 ms, found 2 plugins.
Preloading 0 native plugins for Editor in 0.00 ms.
Initialize engine version: 2020.3.14f1 (d0d1bb862f9d)
[Subsystems] Discovering subsystems at path C:/Program Files/Unity/Editor/Data/Resources/UnitySubsystems
[Subsystems] Discovering subsystems at path C:/Users/W0424405/OneDrive - Nova Scotia Community College/LevelDesign_BallShooter-Brianna_Chisholm/Assets
GfxDevice: creating device client; threaded=0
Direct3D:
    Version:  Direct3D 11.0 [level 11.0]
    Renderer: NVIDIA Quadro K2200 (ID=0x13ba)
    Vendor:   
    VRAM:     4053 MB
    Driver:   27.21.14.6192
Initialize mono
Mono path[0] = 'C:/Program Files/Unity/Editor/Data/Managed'
Mono path[1] = 'C:/Program Files/Unity/Editor/Data/MonoBleedingEdge/lib/mono/unityjit'
Mono config path = 'C:/Program Files/Unity/Editor/Data/MonoBleedingEdge/etc'
Using monoOptions --debugger-agent=transport=dt_socket,embedding=1,server=y,suspend=n,address=127.0.0.1:56964
Begin MonoManager ReloadAssembly
Registering precompiled unity dll's ...
Register platform support module: C:/Program Files/Unity/Editor/Data/PlaybackEngines/WindowsStandaloneSupport/UnityEditor.WindowsStandalone.Extensions.dll
Registered in 0.001950 seconds.
Native extension for WindowsStandalone target not found
Refreshing native plugins compatible for Editor in 50.78 ms, found 2 plugins.
Preloading 0 native plugins for Editor in 0.00 ms.
Mono: successfully reloaded assembly
- Completed reload, in  1.027 seconds
Domain Reload Profiling:
	ReloadAssembly (1027ms)
		BeginReloadAssembly (51ms)
			ExecutionOrderSort (0ms)
			DisableScriptedObjects (0ms)
			BackupInstance (0ms)
			ReleaseScriptingObjects (0ms)
			CreateAndSetChildDomain (1ms)
		EndReloadAssembly (413ms)
			LoadAssemblies (49ms)
			RebuildTransferFunctionScriptingTraits (0ms)
			SetupTypeCache (156ms)
			ReleaseScriptCaches (0ms)
			RebuildScriptCaches (29ms)
			SetupLoadedEditorAssemblies (160ms)
				LogAssemblyErrors (0ms)
				InitializePlatformSupportModulesInManaged (4ms)
				SetLoadedEditorAssemblies (0ms)
				RefreshPlugins (51ms)
				BeforeProcessingInitializeOnLoad (6ms)
				ProcessInitializeOnLoadAttributes (74ms)
				ProcessInitializeOnLoadMethodAttributes (26ms)
				AfterProcessingInitializeOnLoad (0ms)
				EditorAssembliesLoaded (0ms)
			ExecutionOrderSort2 (0ms)
			AwakeInstancesAfterBackupRestoration (0ms)
Platform modules already initialized, skipping
Registering precompiled user dll's ...
Registered in 0.006827 seconds.
Begin MonoManager ReloadAssembly
Native extension for WindowsStandalone target not found
Refreshing native plugins compatible for Editor in 0.65 ms, found 2 plugins.
Preloading 0 native plugins for Editor in 0.00 ms.
Mono: successfully reloaded assembly
- Completed reload, in  1.061 seconds
Domain Reload Profiling:
	ReloadAssembly (1062ms)
		BeginReloadAssembly (134ms)
			ExecutionOrderSort (0ms)
			DisableScriptedObjects (4ms)
			BackupInstance (0ms)
			ReleaseScriptingObjects (0ms)
			CreateAndSetChildDomain (17ms)
		EndReloadAssembly (867ms)
			LoadAssemblies (90ms)
			RebuildTransferFunctionScriptingTraits (0ms)
			SetupTypeCache (277ms)
			ReleaseScriptCaches (0ms)
			RebuildScriptCaches (44ms)
			SetupLoadedEditorAssemblies (362ms)
				LogAssemblyErrors (0ms)
				InitializePlatformSupportModulesInManaged (5ms)
				SetLoadedEditorAssemblies (0ms)
				RefreshPlugins (1ms)
				BeforeProcessingInitializeOnLoad (70ms)
				ProcessInitializeOnLoadAttributes (248ms)
				ProcessInitializeOnLoadMethodAttributes (31ms)
				AfterProcessingInitializeOnLoad (6ms)
				EditorAssembliesLoaded (0ms)
			ExecutionOrderSort2 (0ms)
			AwakeInstancesAfterBackupRestoration (6ms)
Platform modules already initialized, skipping
========================================================================
Worker process is ready to serve import requests
Launched and connected shader compiler UnityShaderCompiler.exe after 0.04 seconds
Refreshing native plugins compatible for Editor in 0.63 ms, found 2 plugins.
Preloading 0 native plugins for Editor in 0.00 ms.
Unloading 2331 Unused Serialized files (Serialized files now loaded: 0)
System memory in use before: 97.6 MB.
System memory in use after: 97.8 MB.

Unloading 58 unused Assets to reduce memory usage. Loaded Objects now: 2745.
Total: 5.634400 ms (FindLiveObjects: 0.210700 ms CreateObjectMapping: 0.101500 ms MarkObjects: 5.223200 ms  DeleteObjects: 0.097800 ms)

AssetImportParameters requested are different than current active one (requested -> active):
  custom:framework-win-MediaFoundation: 216162199b28c13a410421893ffa2e32 -> 
  custom:video-decoder-ogg-theora: a1e56fd34408186e4bbccfd4996cb3dc -> 
  custom:container-muxer-webm: aa71ff27fc2769a1b78a27578f13a17b -> 
  custom:container-demuxer-webm: 4f35f7cbe854078d1ac9338744f61a02 -> 
  custom:container-demuxer-ogg: 62fdf1f143b41e24485cea50d1cbac27 -> 
  custom:video-encoder-webm-vp8: eb34c28f22e8b96e1ab97ce403110664 -> 
  custom:video-decoder-webm-vp8: 9c59270c3fd7afecdb556c50c9e8de78 -> 
  custom:audio-decoder-ogg-vorbis: bf7c407c2cedff20999df2af8eb42d56 -> 
  custom:audio-encoder-webm-vorbis: bf7c407c2cedff20999df2af8eb42d56 -> 
========================================================================
Received Import Request.
  path: Assets/Moving Obstacle1.anim
  artifactKey: Guid(fb11b8e2391c5784ba8bd11963d6064c) Importer(815301076,1909f56bfc062723c751e8b465ee728b)
Start importing Assets/Moving Obstacle1.anim using Guid(fb11b8e2391c5784ba8bd11963d6064c) Importer(815301076,1909f56bfc062723c751e8b465ee728b)  -> (artifact id: 'b7f5778373aa0cc300a00433bcf63a82') in 0.043120 seconds 
  Import took 0.048737 seconds .

========================================================================
Received Import Request.
  Time since last request: 27.507531 seconds.
  path: Assets/Rotator.controller
  artifactKey: Guid(75585b09a969b4d44b7d91fad0c2c34b) Importer(815301076,1909f56bfc062723c751e8b465ee728b)
Start importing Assets/Rotator.controller using Guid(75585b09a969b4d44b7d91fad0c2c34b) Importer(815301076,1909f56bfc062723c751e8b465ee728b)  -> (artifact id: '7093dfccbd147c5367e8c8a9f2e5bb29') in 0.011891 seconds 
  Import took 0.017822 seconds .

========================================================================
Received Import Request.
  Time since last request: 0.526906 seconds.
  path: Assets/Obstacle.controller
  artifactKey: Guid(50a718d5760eb1a4b8d1cb93a59416be) Importer(815301076,1909f56bfc062723c751e8b465ee728b)
Start importing Assets/Obstacle.controller using Guid(50a718d5760eb1a4b8d1cb93a59416be) Importer(815301076,1909f56bfc062723c751e8b465ee728b)  -> (artifact id: 'f87f46b7535ebe81d5bd6e98a14454a3') in 0.008602 seconds 
  Import took 0.014578 seconds .

========================================================================
Received Import Request.
  Time since last request: 38.471929 seconds.
  path: Assets/Moving Obstacle.anim
  artifactKey: Guid(12309a73cc24a4443b0009407cc99747) Importer(815301076,1909f56bfc062723c751e8b465ee728b)
Start importing Assets/Moving Obstacle.anim using Guid(12309a73cc24a4443b0009407cc99747) Importer(815301076,1909f56bfc062723c751e8b465ee728b)  -> (artifact id: '8e3eaf061d18efa57ea28df82021c9ab') in 0.010452 seconds 
  Import took 0.016891 seconds .

========================================================================
Received Import Request.
  Time since last request: 18.000853 seconds.
  path: Assets/Moving Obstacle.controller
  artifactKey: Guid(911f86be4855501428e98e9e01971855) Importer(815301076,1909f56bfc062723c751e8b465ee728b)
Start importing Assets/Moving Obstacle.controller using Guid(911f86be4855501428e98e9e01971855) Importer(815301076,1909f56bfc062723c751e8b465ee728b)  -> (artifact id: 'c737edbaf5e70776701dd7ddb708edf5') in 0.003828 seconds 
  Import took 0.011350 seconds .

========================================================================
Received Import Request.
  Time since last request: 0.002529 seconds.
  path: Assets/Moving Obstacle.controller
  artifactKey: Guid(911f86be4855501428e98e9e01971855) Importer(815301076,1909f56bfc062723c751e8b465ee728b)
Start importing Assets/Moving Obstacle.controller using Guid(911f86be4855501428e98e9e01971855) Importer(815301076,1909f56bfc062723c751e8b465ee728b)  -> (artifact id: 'c737edbaf5e70776701dd7ddb708edf5') in 0.003237 seconds 
  Import took 0.009756 seconds .

========================================================================
Received Import Request.
  Time since last request: 268.506868 seconds.
  path: Assets/Moving Obstacle2.anim
  artifactKey: Guid(3638d52b4343a2140bdd07d4149879c8) Importer(815301076,1909f56bfc062723c751e8b465ee728b)
Start importing Assets/Moving Obstacle2.anim using Guid(3638d52b4343a2140bdd07d4149879c8) Importer(815301076,1909f56bfc062723c751e8b465ee728b)  -> (artifact id: 'afb30dc5b95363342d6a59127d7ef598') in 0.008685 seconds 
  Import took 0.015818 seconds .

========================================================================
Received Import Request.
  Time since last request: 0.000979 seconds.
  path: Assets/Moving Obstacle2.anim
  artifactKey: Guid(3638d52b4343a2140bdd07d4149879c8) Importer(815301076,1909f56bfc062723c751e8b465ee728b)
Start importing Assets/Moving Obstacle2.anim using Guid(3638d52b4343a2140bdd07d4149879c8) Importer(815301076,1909f56bfc062723c751e8b465ee728b)  -> (artifact id: 'afb30dc5b95363342d6a59127d7ef598') in 0.004601 seconds 
  Import took 0.010536 seconds .

========================================================================
Received Import Request.
  Time since last request: 100.795108 seconds.
  path: Assets/Moving Obstacle3.anim
  artifactKey: Guid(9b8c4a65ffabbdd4187446aa9c63973d) Importer(815301076,1909f56bfc062723c751e8b465ee728b)
Start importing Assets/Moving Obstacle3.anim using Guid(9b8c4a65ffabbdd4187446aa9c63973d) Importer(815301076,1909f56bfc062723c751e8b465ee728b)  -> (artifact id: '6321d1bb9f112305334d5c8b9aa34e85') in 0.009339 seconds 
  Import took 0.016899 seconds .

========================================================================
Received Import Request.
  Time since last request: 0.000797 seconds.
  path: Assets/Moving Obstacle3.anim
  artifactKey: Guid(9b8c4a65ffabbdd4187446aa9c63973d) Importer(815301076,1909f56bfc062723c751e8b465ee728b)
Start importing Assets/Moving Obstacle3.anim using Guid(9b8c4a65ffabbdd4187446aa9c63973d) Importer(815301076,1909f56bfc062723c751e8b465ee728b)  -> (artifact id: '6321d1bb9f112305334d5c8b9aa34e85') in 0.003726 seconds 
  Import took 0.010953 seconds .

========================================================================
Received Prepare
Registering precompiled user dll's ...
Registered in 0.006400 seconds.
Begin MonoManager ReloadAssembly
Native extension for WindowsStandalone target not found
Refreshing native plugins compatible for Editor in 0.68 ms, found 2 plugins.
Preloading 0 native plugins for Editor in 0.00 ms.
Mono: successfully reloaded assembly
- Completed reload, in  1.001 seconds
Domain Reload Profiling:
	ReloadAssembly (1001ms)
		BeginReloadAssembly (112ms)
			ExecutionOrderSort (0ms)
			DisableScriptedObjects (5ms)
			BackupInstance (0ms)
			ReleaseScriptingObjects (0ms)
			CreateAndSetChildDomain (32ms)
		EndReloadAssembly (827ms)
			LoadAssemblies (92ms)
			RebuildTransferFunctionScriptingTraits (0ms)
			SetupTypeCache (267ms)
			ReleaseScriptCaches (1ms)
			RebuildScriptCaches (43ms)
			SetupLoadedEditorAssemblies (330ms)
				LogAssemblyErrors (0ms)
				InitializePlatformSupportModulesInManaged (5ms)
				SetLoadedEditorAssemblies (0ms)
				RefreshPlugins (1ms)
				BeforeProcessingInitializeOnLoad (68ms)
				ProcessInitializeOnLoadAttributes (223ms)
				ProcessInitializeOnLoadMethodAttributes (28ms)
				AfterProcessingInitializeOnLoad (6ms)
				EditorAssembliesLoaded (0ms)
			ExecutionOrderSort2 (0ms)
			AwakeInstancesAfterBackupRestoration (6ms)
Platform modules already initialized, skipping
Refreshing native plugins compatible for Editor in 0.66 ms, found 2 plugins.
Preloading 0 native plugins for Editor in 0.00 ms.
Unloading 2302 Unused Serialized files (Serialized files now loaded: 0)
System memory in use before: 95.3 MB.
System memory in use after: 95.6 MB.

Unloading 49 unused Assets to reduce memory usage. Loaded Objects now: 2748.
Total: 4.790100 ms (FindLiveObjects: 0.211600 ms CreateObjectMapping: 0.100100 ms MarkObjects: 4.451200 ms  DeleteObjects: 0.026500 ms)

AssetImportParameters requested are different than current active one (requested -> active):
  custom:framework-win-MediaFoundation: 216162199b28c13a410421893ffa2e32 -> 
  custom:video-decoder-ogg-theora: a1e56fd34408186e4bbccfd4996cb3dc -> 
  custom:container-muxer-webm: aa71ff27fc2769a1b78a27578f13a17b -> 
  custom:container-demuxer-webm: 4f35f7cbe854078d1ac9338744f61a02 -> 
  custom:container-demuxer-ogg: 62fdf1f143b41e24485cea50d1cbac27 -> 
  custom:video-encoder-webm-vp8: eb34c28f22e8b96e1ab97ce403110664 -> 
  custom:video-decoder-webm-vp8: 9c59270c3fd7afecdb556c50c9e8de78 -> 
  custom:audio-decoder-ogg-vorbis: bf7c407c2cedff20999df2af8eb42d56 -> 
  custom:audio-encoder-webm-vorbis: bf7c407c2cedff20999df2af8eb42d56 -> 
AssetImportWorkerClient::OnTransportError - code=2 error=End of file
